1695208843977	geckodriver	INFO	Listening on 127.0.0.1:55804
1695209232185	geckodriver	INFO	Listening on 127.0.0.1:55910
1695209235256	mozrunner::runner	INFO	Running command: "C:\\Program Files\\Mozilla Firefox\\firefox.exe" "--marionette" "--remote-debugging-port" "55911" "--remote-allow-hosts" "localhost" "-no-remote" "-profile" "C:\\Users\\aryam\\AppData\\Local\\Temp\\rust_mozprofileOd1wZ5"
console.warn: services.settings: Ignoring preference override of remote settings server
console.warn: services.settings: Allow by setting MOZ_REMOTE_SETTINGS_DEVTOOLS=1 in the environment
1695209235704	Marionette	INFO	Marionette enabled
Dynamically enable window occlusion 0
1695209235800	Marionette	INFO	Listening on port 55928
WebDriver BiDi listening on ws://127.0.0.1:55911
Read port: 55928
1695209235972	RemoteAgent	WARN	TLS certificate errors will be ignored for this session
DevTools listening on ws://127.0.0.1:55911/devtools/browser/0fa9ddb6-1c63-43ae-be38-5513754fc5db
JavaScript warning: https://www.naukri.com/zFXTe/nP/6/C/Wia5Y92Oh10/7Gt7c8hS8DOp/CgwcAg/Z3pzMgI/kVBcB, line 1: unreachable code after return statement
JavaScript warning: https://www.naukri.com/zFXTe/nP/6/C/Wia5Y92Oh10/7Gt7c8hS8DOp/CgwcAg/Z3pzMgI/kVBcB, line 1: WEBGL_debug_renderer_info is deprecated in Firefox and will be removed. Please use RENDERER.
JavaScript warning: https://www.naukri.com/zFXTe/nP/6/C/Wia5Y92Oh10/7Gt7c8hS8DOp/CgwcAg/Z3pzMgI/kVBcB, line 1: WEBGL_debug_renderer_info is deprecated in Firefox and will be removed. Please use RENDERER.
JavaScript warning: https://www.naukri.com/zFXTe/nP/6/C/Wia5Y92Oh10/7Gt7c8hS8DOp/CgwcAg/Z3pzMgI/kVBcB, line 1: WEBGL_debug_renderer_info is deprecated in Firefox and will be removed. Please use RENDERER.
JavaScript warning: https://pagead2.googlesyndication.com/bg/D38i8ocviMyns63bFlxz04547CGgVcdJsS8VZS_5djY.js line 2 > eval line 6188 > eval line 1 > eval line 1 > eval, line 1: WEBGL_debug_renderer_info is deprecated in Firefox and will be removed. Please use RENDERER.
JavaScript warning: https://static.naukimg.com/s/0/0/j/nLoggerJB_v3.4.min.js, line 1: Script terminated by timeout at:
objectToString@https://static.naukimg.com/s/0/0/j/nLoggerJB_v3.4.min.js:1:1171
page_unload@https://static.naukimg.com/s/0/0/j/nLoggerJB_v3.4.min.js:1:9301
e@https://static.naukimg.com/s/0/0/j/nLoggerJB_v3.4.min.js:1:4276

1695209254903	Marionette	INFO	Stopped listening on port 55928
Dynamically enable window occlusion 1
1695209282792	geckodriver	INFO	Listening on 127.0.0.1:56076
1695209285862	mozrunner::runner	INFO	Running command: "C:\\Program Files\\Mozilla Firefox\\firefox.exe" "--marionette" "--remote-debugging-port" "56077" "--remote-allow-hosts" "localhost" "-no-remote" "-profile" "C:\\Users\\aryam\\AppData\\Local\\Temp\\rust_mozprofileFmxqmQ"
console.warn: services.settings: Ignoring preference override of remote settings server
console.warn: services.settings: Allow by setting MOZ_REMOTE_SETTINGS_DEVTOOLS=1 in the environment
1695209286154	Marionette	INFO	Marionette enabled
Dynamically enable window occlusion 0
1695209286242	Marionette	INFO	Listening on port 56084
WebDriver BiDi listening on ws://127.0.0.1:56077
Read port: 56084
1695209286394	RemoteAgent	WARN	TLS certificate errors will be ignored for this session
DevTools listening on ws://127.0.0.1:56077/devtools/browser/e277e73a-902d-48ac-9141-f6f11aef95a6
JavaScript warning: https://www.naukri.com/zFXTe/nP/6/C/Wia5Y92Oh10/7Gt7c8hS8DOp/CgwcAg/Z3pzMgI/kVBcB, line 1: unreachable code after return statement
JavaScript warning: https://www.naukri.com/zFXTe/nP/6/C/Wia5Y92Oh10/7Gt7c8hS8DOp/CgwcAg/Z3pzMgI/kVBcB, line 1: WEBGL_debug_renderer_info is deprecated in Firefox and will be removed. Please use RENDERER.
JavaScript warning: https://www.naukri.com/zFXTe/nP/6/C/Wia5Y92Oh10/7Gt7c8hS8DOp/CgwcAg/Z3pzMgI/kVBcB, line 1: WEBGL_debug_renderer_info is deprecated in Firefox and will be removed. Please use RENDERER.
JavaScript warning: https://www.naukri.com/zFXTe/nP/6/C/Wia5Y92Oh10/7Gt7c8hS8DOp/CgwcAg/Z3pzMgI/kVBcB, line 1: WEBGL_debug_renderer_info is deprecated in Firefox and will be removed. Please use RENDERER.
JavaScript warning: https://pagead2.googlesyndication.com/bg/D38i8ocviMyns63bFlxz04547CGgVcdJsS8VZS_5djY.js line 2 > eval line 4520 > eval line 1 > eval line 1 > eval, line 1: WEBGL_debug_renderer_info is deprecated in Firefox and will be removed. Please use RENDERER.
JavaScript warning: https://static.naukimg.com/s/0/0/j/nLoggerJB_v3.4.min.js, line 1: Script terminated by timeout at:
objectToString@https://static.naukimg.com/s/0/0/j/nLoggerJB_v3.4.min.js:1:1171
page_unload@https://static.naukimg.com/s/0/0/j/nLoggerJB_v3.4.min.js:1:9301
e@https://static.naukimg.com/s/0/0/j/nLoggerJB_v3.4.min.js:1:4276

1695209297142	Marionette	INFO	Stopped listening on port 56084
Dynamically enable window occlusion 1
1695209794504	geckodriver	INFO	Listening on 127.0.0.1:56261
1695209797582	mozrunner::runner	INFO	Running command: "C:\\Program Files\\Mozilla Firefox\\firefox.exe" "--marionette" "--remote-debugging-port" "56262" "--remote-allow-hosts" "localhost" "-no-remote" "-profile" "C:\\Users\\aryam\\AppData\\Local\\Temp\\rust_mozprofileIQysPk"
console.warn: services.settings: Ignoring preference override of remote settings server
console.warn: services.settings: Allow by setting MOZ_REMOTE_SETTINGS_DEVTOOLS=1 in the environment
1695209797850	Marionette	INFO	Marionette enabled
Dynamically enable window occlusion 0
1695209797945	Marionette	INFO	Listening on port 56269
WebDriver BiDi listening on ws://127.0.0.1:56262
Read port: 56269
1695209798131	RemoteAgent	WARN	TLS certificate errors will be ignored for this session
DevTools listening on ws://127.0.0.1:56262/devtools/browser/1464fb6e-8dc2-412e-b73f-72fe51739e1d
JavaScript warning: https://www.naukri.com/zFXTe/nP/6/C/Wia5Y92Oh10/7Gt7c8hS8DOp/CgwcAg/Z3pzMgI/kVBcB, line 1: unreachable code after return statement
JavaScript warning: https://www.naukri.com/zFXTe/nP/6/C/Wia5Y92Oh10/7Gt7c8hS8DOp/CgwcAg/Z3pzMgI/kVBcB, line 1: WEBGL_debug_renderer_info is deprecated in Firefox and will be removed. Please use RENDERER.
JavaScript warning: https://www.naukri.com/zFXTe/nP/6/C/Wia5Y92Oh10/7Gt7c8hS8DOp/CgwcAg/Z3pzMgI/kVBcB, line 1: WEBGL_debug_renderer_info is deprecated in Firefox and will be removed. Please use RENDERER.
JavaScript warning: https://www.naukri.com/zFXTe/nP/6/C/Wia5Y92Oh10/7Gt7c8hS8DOp/CgwcAg/Z3pzMgI/kVBcB, line 1: WEBGL_debug_renderer_info is deprecated in Firefox and will be removed. Please use RENDERER.
JavaScript warning: https://pagead2.googlesyndication.com/bg/D38i8ocviMyns63bFlxz04547CGgVcdJsS8VZS_5djY.js line 2 > eval line 7385 > eval line 1 > eval line 1 > eval, line 1: WEBGL_debug_renderer_info is deprecated in Firefox and will be removed. Please use RENDERER.
JavaScript warning: https://static.naukimg.com/s/0/0/j/nLoggerJB_v3.4.min.js, line 1: Script terminated by timeout at:
objectToString@https://static.naukimg.com/s/0/0/j/nLoggerJB_v3.4.min.js:1:1171
page_unload@https://static.naukimg.com/s/0/0/j/nLoggerJB_v3.4.min.js:1:9301
e@https://static.naukimg.com/s/0/0/j/nLoggerJB_v3.4.min.js:1:4276

1695209823150	Marionette	INFO	Stopped listening on port 56269
Dynamically enable window occlusion 1
1695209858685	geckodriver	INFO	Listening on 127.0.0.1:56399
1695209861749	mozrunner::runner	INFO	Running command: "C:\\Program Files\\Mozilla Firefox\\firefox.exe" "--marionette" "--remote-debugging-port" "56400" "--remote-allow-hosts" "localhost" "-no-remote" "-profile" "C:\\Users\\aryam\\AppData\\Local\\Temp\\rust_mozprofile5pupsH"
console.warn: services.settings: Ignoring preference override of remote settings server
console.warn: services.settings: Allow by setting MOZ_REMOTE_SETTINGS_DEVTOOLS=1 in the environment
1695209862058	Marionette	INFO	Marionette enabled
Dynamically enable window occlusion 0
1695209862152	Marionette	INFO	Listening on port 56408
WebDriver BiDi listening on ws://127.0.0.1:56400
Read port: 56408
1695209862320	RemoteAgent	WARN	TLS certificate errors will be ignored for this session
DevTools listening on ws://127.0.0.1:56400/devtools/browser/6bdeb884-b17b-4d60-92b2-1a4698f7a75a
JavaScript warning: https://www.naukri.com/zFXTe/nP/6/C/Wia5Y92Oh10/7Gt7c8hS8DOp/CgwcAg/Z3pzMgI/kVBcB, line 1: unreachable code after return statement
JavaScript warning: https://www.naukri.com/zFXTe/nP/6/C/Wia5Y92Oh10/7Gt7c8hS8DOp/CgwcAg/Z3pzMgI/kVBcB, line 1: WEBGL_debug_renderer_info is deprecated in Firefox and will be removed. Please use RENDERER.
JavaScript warning: https://www.naukri.com/zFXTe/nP/6/C/Wia5Y92Oh10/7Gt7c8hS8DOp/CgwcAg/Z3pzMgI/kVBcB, line 1: WEBGL_debug_renderer_info is deprecated in Firefox and will be removed. Please use RENDERER.
JavaScript warning: https://www.naukri.com/zFXTe/nP/6/C/Wia5Y92Oh10/7Gt7c8hS8DOp/CgwcAg/Z3pzMgI/kVBcB, line 1: WEBGL_debug_renderer_info is deprecated in Firefox and will be removed. Please use RENDERER.
JavaScript warning: https://pagead2.googlesyndication.com/bg/D38i8ocviMyns63bFlxz04547CGgVcdJsS8VZS_5djY.js line 2 > eval line 1375 > eval line 1 > eval line 1 > eval, line 1: WEBGL_debug_renderer_info is deprecated in Firefox and will be removed. Please use RENDERER.
JavaScript warning: https://gumi.criteo.com/syncframe?topUrl=www.naukri.com&origin=onetag#{%22bundle%22:{%22origin%22:0,%22value%22:null},%22cw%22:true,%22optout%22:{%22origin%22:0,%22value%22:null},%22origin%22:%22onetag%22,%22sid%22:{%22origin%22:0,%22value%22:null},%22tld%22:%22naukri.com%22,%22topUrl%22:%22www.naukri.com%22,%22version%22:%225_18_0%22,%22ifa%22:{%22origin%22:0,%22value%22:null},%22lsw%22:true,%22pm%22:0}, line 14: Script terminated by timeout at:
r.prototype.flushEventQueue@https://gumi.criteo.com/syncframe?topUrl=www.naukri.com&origin=onetag#{%22bundle%22:{%22origin%22:0,%22value%22:null},%22cw%22:true,%22optout%22:{%22origin%22:0,%22value%22:null},%22origin%22:%22onetag%22,%22sid%22:{%22origin%22:0,%22value%22:null},%22tld%22:%22naukri.com%22,%22topUrl%22:%22www.naukri.com%22,%22version%22:%225_18_0%22,%22ifa%22:{%22origin%22:0,%22value%22:null},%22lsw%22:true,%22pm%22:0}:14:3137
r/<@https://gumi.criteo.com/syncframe?topUrl=www.naukri.com&origin=onetag#{%22bundle%22:{%22origin%22:0,%22value%22:null},%22cw%22:true,%22optout%22:{%22origin%22:0,%22value%22:null},%22origin%22:%22onetag%22,%22sid%22:{%22origin%22:0,%22value%22:null},%22tld%22:%22naukri.com%22,%22topUrl%22:%22www.naukri.com%22,%22version%22:%225_18_0%22,%22ifa%22:{%22origin%22:0,%22value%22:null},%22lsw%22:true,%22pm%22:0}:14:3642

JavaScript warning: https://static.naukimg.com/s/0/0/j/nLoggerJB_v3.4.min.js, line 1: Script terminated by timeout at:
objectToString@https://static.naukimg.com/s/0/0/j/nLoggerJB_v3.4.min.js:1:1241
page_unload@https://static.naukimg.com/s/0/0/j/nLoggerJB_v3.4.min.js:1:9301
e@https://static.naukimg.com/s/0/0/j/nLoggerJB_v3.4.min.js:1:4276

1695213133083	Marionette	INFO	Stopped listening on port 56408
Dynamically enable window occlusion 1
S_5djY.js line 2 > eval line 4181 > eval line 1 > eval line 1 > eval, line 1: WEBGL_debug_renderer_info is deprecated in Firefox and will be removed. Please use RENDERER.
JavaScript warning: https://static.naukimg.com/s/0/0/j/nLoggerJB_v3.4.min.js, line 1: Script terminated by timeout at:
objectToString@https://static.naukimg.com/s/0/0/j/nLoggerJB_v3.4.min.js:1:1171
page_unload@https://static.naukimg.com/s/0/0/j/nLoggerJB_v3.4.min.js:1:9301
e@https://static.naukimg.com/s/0/0/j/nLoggerJB_v3.4.min.js:1:4276

1695213135272	Marionette	INFO	Stopped listening on port 56542
Dynamically enable window occlusion 1
settings: Allow by setting MOZ_REMOTE_SETTINGS_DEVTOOLS=1 in the environment
1695209914489	Marionette	INFO	Marionette enabled
Dynamically enable window occlusion 0
1695209914584	Marionette	INFO	Listening on port 56714
WebDriver BiDi listening on ws://127.0.0.1:56707
Read port: 56714
1695209914766	RemoteAgent	WARN	TLS certificate errors will be ignored for this session
DevTools listening on ws://127.0.0.1:56707/devtools/browser/a8d37f8a-f27b-4214-92f7-3d4f6da32db5
JavaScript warning: https://www.naukri.com/zFXTe/nP/6/C/Wia5Y92Oh10/7Gt7c8hS8DOp/CgwcAg/Z3pzMgI/kVBcB, line 1: unreachable code after return statement
JavaScript warning: https://www.naukri.com/zFXTe/nP/6/C/Wia5Y92Oh10/7Gt7c8hS8DOp/CgwcAg/Z3pzMgI/kVBcB, line 1: WEBGL_debug_renderer_info is deprecated in Firefox and will be removed. Please use RENDERER.
JavaScript warning: https://pagead2.googlesyndication.com/bg/D38i8ocviMyns63bFlxz04547CGgVcdJsS8VZS_5djY.js line 2 > eval line 6243 > eval line 1 > eval line 1 > eval, line 1: WEBGL_debug_renderer_info is deprecated in Firefox and will be removed. Please use RENDERER.
JavaScript warning: https://www.naukri.com/zFXTe/nP/6/C/Wia5Y92Oh10/7Gt7c8hS8DOp/CgwcAg/Z3pzMgI/kVBcB, line 1: WEBGL_debug_renderer_info is deprecated in Firefox and will be removed. Please use RENDERER.
JavaScript warning: https://www.naukri.com/zFXTe/nP/6/C/Wia5Y92Oh10/7Gt7c8hS8DOp/CgwcAg/Z3pzMgI/kVBcB, line 1: WEBGL_debug_renderer_info is deprecated in Firefox and will be removed. Please use RENDERER.
JavaScript warning: https://gumi.criteo.com/syncframe?topUrl=www.naukri.com&origin=onetag#{%22bundle%22:{%22origin%22:0,%22value%22:null},%22cw%22:true,%22optout%22:{%22origin%22:0,%22value%22:null},%22origin%22:%22onetag%22,%22sid%22:{%22origin%22:0,%22value%22:null},%22tld%22:%22naukri.com%22,%22topUrl%22:%22www.naukri.com%22,%22version%22:%225_18_0%22,%22ifa%22:{%22origin%22:0,%22value%22:null},%22lsw%22:true,%22pm%22:0}, line 14: Script terminated by timeout at:
r.prototype.logPixel@https://gumi.criteo.com/syncframe?topUrl=www.naukri.com&origin=onetag#{%22bundle%22:{%22origin%22:0,%22value%22:null},%22cw%22:true,%22optout%22:{%22origin%22:0,%22value%22:null},%22origin%22:%22onetag%22,%22sid%22:{%22origin%22:0,%22value%22:null},%22tld%22:%22naukri.com%22,%22topUrl%22:%22www.naukri.com%22,%22version%22:%225_18_0%22,%22ifa%22:{%22origin%22:0,%22value%22:null},%22lsw%22:true,%22pm%22:0}:14:3418
r.prototype.flushEventQueue@https://gumi.criteo.com/syncframe?topUrl=www.naukri.com&origin=onetag#{%22bundle%22:{%22origin%22:0,%22value%22:null},%22cw%22:true,%22optout%22:{%22origin%22:0,%22value%22:null},%22origin%22:%22onetag%22,%22sid%22:{%22origin%22:0,%22value%22:null},%22tld%22:%22naukri.com%22,%22topUrl%22:%22www.naukri.com%22,%22version%22:%225_18_0%22,%22ifa%22:{%22origin%22:0,%22value%22:null},%22lsw%22:true,%22pm%22:0}:14:3152
r/<@https://gumi.criteo.com/syncframe?topUrl=www.naukri.com&origin=onetag#{%22bundle%22:{%22origin%22:0,%22value%22:null},%22cw%22:true,%22optout%22:{%22origin%22:0,%22value%22:null},%22origin%22:%22onetag%22,%22sid%22:{%22origin%22:0,%22value%22:null},%22tld%22:%22naukri.com%22,%22topUrl%22:%22www.naukri.com%22,%22version%22:%225_18_0%22,%22ifa%22:{%22origin%22:0,%22value%22:null},%22lsw%22:true,%22pm%22:0}:14:3642

JavaScript warning: https://static.naukimg.com/s/0/0/j/nLoggerJB_v3.4.min.js, line 1: Script terminated by timeout at:
objectToString@https://static.naukimg.com/s/0/0/j/nLoggerJB_v3.4.min.js:1:1354
setCookie@https://static.naukimg.com/s/0/0/j/nLoggerJB_v3.4.min.js:1:1623
setCookie@https://static.naukimg.com/s/0/0/j/nLoggerJB_v3.4.min.js:1:7308
page_unload@https://static.naukimg.com/s/0/0/j/nLoggerJB_v3.4.min.js:1:9330
e@https://static.naukimg.com/s/0/0/j/nLoggerJB_v3.4.min.js:1:4276

1695212400665	Marionette	INFO	Stopped listening on port 56714
Dynamically enable window occlusion 1
JavaScript error: resource://gre/modules/AsyncShutdown.sys.mjs, line 573: NotFoundError: No such JSWindowActor 'DevToolsFrame'
JavaScript error: resource://gre/modules/AsyncShutdown.sys.mjs, line 573: NotFoundError: No such JSWindowActor 'DevToolsFrame'
JavaScript error: resource://gre/modules/AsyncShutdown.sys.mjs, line 573: NotFoundError: No such JSWindowActor 'DevToolsFrame'
JavaScript error: resource://gre/modules/AsyncShutdown.sys.mjs, line 573: NotFoundError: No such JSWindowActor 'DevToolsFrame'
JavaScript error: resource://gre/modules/AsyncShutdown.sys.mjs, line 573: NotFoundError: No such JSWindowActor 'DevToolsFrame'
1695209968306	Marionette	INFO	Stopped listening on port 56872
Dynamically enable window occlusion 1
1695210171666	geckodriver	INFO	Listening on 127.0.0.1:57020
1695210174754	mozrunner::runner	INFO	Running command: "C:\\Program Files\\Mozilla Firefox\\firefox.exe" "--marionette" "--remote-debugging-port" "57021" "--remote-allow-hosts" "localhost" "-no-remote" "-profile" "C:\\Users\\aryam\\AppData\\Local\\Temp\\rust_mozprofileEqRCNT"
console.warn: services.settings: Ignoring preference override of remote settings server
console.warn: services.settings: Allow by setting MOZ_REMOTE_SETTINGS_DEVTOOLS=1 in the environment
1695210175116	Marionette	INFO	Marionette enabled
Dynamically enable window occlusion 0
1695210175215	Marionette	INFO	Listening on port 57028
WebDriver BiDi listening on ws://127.0.0.1:57021
Read port: 57028
1695210175393	RemoteAgent	WARN	TLS certificate errors will be ignored for this session
DevTools listening on ws://127.0.0.1:57021/devtools/browser/94352cfe-bd06-47dc-9cdd-fc3d2503a299
JavaScript warning: https://www.naukri.com/zFXTe/nP/6/C/Wia5Y92Oh10/7Gt7c8hS8DOp/CgwcAg/Z3pzMgI/kVBcB, line 1: unreachable code after return statement
JavaScript warning: https://www.naukri.com/zFXTe/nP/6/C/Wia5Y92Oh10/7Gt7c8hS8DOp/CgwcAg/Z3pzMgI/kVBcB, line 1: WEBGL_debug_renderer_info is deprecated in Firefox and will be removed. Please use RENDERER.
JavaScript warning: https://www.naukri.com/zFXTe/nP/6/C/Wia5Y92Oh10/7Gt7c8hS8DOp/CgwcAg/Z3pzMgI/kVBcB, line 1: WEBGL_debug_renderer_info is deprecated in Firefox and will be removed. Please use RENDERER.
JavaScript warning: https://www.naukri.com/zFXTe/nP/6/C/Wia5Y92Oh10/7Gt7c8hS8DOp/CgwcAg/Z3pzMgI/kVBcB, line 1: WEBGL_debug_renderer_info is deprecated in Firefox and will be removed. Please use RENDERER.
JavaScript warning: https://pagead2.googlesyndication.com/bg/D38i8ocviMyns63bFlxz04547CGgVcdJsS8VZS_5djY.js line 2 > eval line 1189 > eval line 1 > eval line 1 > eval, line 1: WEBGL_debug_renderer_info is deprecated in Firefox and will be removed. Please use RENDERER.
JavaScript warning: https://static.naukimg.com/s/0/0/j/nLoggerJB_v3.4.min.js, line 1: Script terminated by timeout at:
objectToString@https://static.naukimg.com/s/0/0/j/nLoggerJB_v3.4.min.js:1:1171
page_unload@https://static.naukimg.com/s/0/0/j/nLoggerJB_v3.4.min.js:1:9301
e@https://static.naukimg.com/s/0/0/j/nLoggerJB_v3.4.min.js:1:4276

1695210181580	Marionette	INFO	Stopped listening on port 57028
Dynamically enable window occlusion 1
1695210610380	geckodriver	INFO	Listening on 127.0.0.1:57457
1695210613453	mozrunner::runner	INFO	Running command: "C:\\Program Files\\Mozilla Firefox\\firefox.exe" "--marionette" "--remote-debugging-port" "57458" "--remote-allow-hosts" "localhost" "-no-remote" "-profile" "C:\\Users\\aryam\\AppData\\Local\\Temp\\rust_mozprofileH91UxM"
console.warn: services.settings: Ignoring preference override of remote settings server
console.warn: services.settings: Allow by setting MOZ_REMOTE_SETTINGS_DEVTOOLS=1 in the environment
1695210613828	Marionette	INFO	Marionette enabled
Dynamically enable window occlusion 0
1695210613927	Marionette	INFO	Listening on port 57473
WebDriver BiDi listening on ws://127.0.0.1:57458
Read port: 57473
1695210614121	RemoteAgent	WARN	TLS certificate errors will be ignored for this session
DevTools listening on ws://127.0.0.1:57458/devtools/browser/884c22e2-598a-4cf6-9d89-46a29dcb8e72
JavaScript warning: https://www.naukri.com/zFXTe/nP/6/C/Wia5Y92Oh10/7Gt7c8hS8DOp/CgwcAg/Z3pzMgI/kVBcB, line 1: unreachable code after return statement
JavaScript warning: https://www.naukri.com/zFXTe/nP/6/C/Wia5Y92Oh10/7Gt7c8hS8DOp/CgwcAg/Z3pzMgI/kVBcB, line 1: WEBGL_debug_renderer_info is deprecated in Firefox and will be removed. Please use RENDERER.
JavaScript warning: https://www.naukri.com/zFXTe/nP/6/C/Wia5Y92Oh10/7Gt7c8hS8DOp/CgwcAg/Z3pzMgI/kVBcB, line 1: WEBGL_debug_renderer_info is deprecated in Firefox and will be removed. Please use RENDERER.
JavaScript warning: https://www.naukri.com/zFXTe/nP/6/C/Wia5Y92Oh10/7Gt7c8hS8DOp/CgwcAg/Z3pzMgI/kVBcB, line 1: WEBGL_debug_renderer_info is deprecated in Firefox and will be removed. Please use RENDERER.
JavaScript warning: https://pagead2.googlesyndication.com/bg/D38i8ocviMyns63bFlxz04547CGgVcdJsS8VZS_5djY.js line 2 > eval line 4484 > eval line 1 > eval line 1 > eval, line 1: WEBGL_debug_renderer_info is deprecated in Firefox and will be removed. Please use RENDERER.
JavaScript warning: https://gumi.criteo.com/syncframe?topUrl=www.naukri.com&origin=onetag#{%22bundle%22:{%22origin%22:0,%22value%22:null},%22cw%22:true,%22optout%22:{%22origin%22:0,%22value%22:null},%22origin%22:%22onetag%22,%22sid%22:{%22origin%22:0,%22value%22:null},%22tld%22:%22naukri.com%22,%22topUrl%22:%22www.naukri.com%22,%22version%22:%225_18_0%22,%22ifa%22:{%22origin%22:0,%22value%22:null},%22lsw%22:true,%22pm%22:0}, line 14: Script terminated by timeout at:
r.prototype.flushEventQueue@https://gumi.criteo.com/syncframe?topUrl=www.naukri.com&origin=onetag#{%22bundle%22:{%22origin%22:0,%22value%22:null},%22cw%22:true,%22optout%22:{%22origin%22:0,%22value%22:null},%22origin%22:%22onetag%22,%22sid%22:{%22origin%22:0,%22value%22:null},%22tld%22:%22naukri.com%22,%22topUrl%22:%22www.naukri.com%22,%22version%22:%225_18_0%22,%22ifa%22:{%22origin%22:0,%22value%22:null},%22lsw%22:true,%22pm%22:0}:14:3137
r/<@https://gumi.criteo.com/syncframe?topUrl=www.naukri.com&origin=onetag#{%22bundle%22:{%22origin%22:0,%22value%22:null},%22cw%22:true,%22optout%22:{%22origin%22:0,%22value%22:null},%22origin%22:%22onetag%22,%22sid%22:{%22origin%22:0,%22value%22:null},%22tld%22:%22naukri.com%22,%22topUrl%22:%22www.naukri.com%22,%22version%22:%225_18_0%22,%22ifa%22:{%22origin%22:0,%22value%22:null},%22lsw%22:true,%22pm%22:0}:14:3642

JavaScript warning: https://static.naukimg.com/s/0/0/j/nLoggerJB_v3.4.min.js, line 1: Script terminated by timeout at:
objectToString@https://static.naukimg.com/s/0/0/j/nLoggerJB_v3.4.min.js:1:1171
page_unload@https://static.naukimg.com/s/0/0/j/nLoggerJB_v3.4.min.js:1:9301
e@https://static.naukimg.com/s/0/0/j/nLoggerJB_v3.4.min.js:1:4276

1695213132034	Marionette	INFO	Stopped listening on port 57473
Dynamically enable window occlusion 1
1695213701182	geckodriver	INFO	Listening on 127.0.0.1:58206
1695213704290	mozrunner::runner	INFO	Running command: "C:\\Program Files\\Mozilla Firefox\\firefox.exe" "--marionette" "--remote-debugging-port" "58207" "--remote-allow-hosts" "localhost" "-no-remote" "-profile" "C:\\Users\\aryam\\AppData\\Local\\Temp\\rust_mozprofileYSGtfd"
console.warn: services.settings: Ignoring preference override of remote settings server
console.warn: services.settings: Allow by setting MOZ_REMOTE_SETTINGS_DEVTOOLS=1 in the environment
1695213704691	Marionette	INFO	Marionette enabled
Dynamically enable window occlusion 0
1695213704830	Marionette	INFO	Listening on port 58215
Read port: 58215
WebDriver BiDi listening on ws://127.0.0.1:58207
1695213704916	RemoteAgent	WARN	TLS certificate errors will be ignored for this session
DevTools listening on ws://127.0.0.1:58207/devtools/browser/323c2dab-fad0-4707-8852-5edbb3878750
console.error: ({})
1695213760970	Marionette	INFO	Stopped listening on port 58215
Dynamically enable window occlusion 1
ng command: "C:\\Program Files\\Mozilla Firefox\\firefox.exe" "--marionette" "--remote-debugging-port" "58252" "--remote-allow-hosts" "localhost" "-no-remote" "-profile" "C:\\Users\\aryam\\AppData\\Local\\Temp\\rust_mozprofilexZTdfz"
console.warn: services.settings: Ignoring preference override of remote settings server
console.warn: services.settings: Allow by setting MOZ_REMOTE_SETTINGS_DEVTOOLS=1 in the environment
1695213759069	Marionette	INFO	Marionette enabled
Dynamically enable window occlusion 0
1695213759167	Marionette	INFO	Listening on port 58260
WebDriver BiDi listening on ws://127.0.0.1:58252
Read port: 58260
1695213759333	RemoteAgent	WARN	TLS certificate errors will be ignored for this session
DevTools listening on ws://127.0.0.1:58252/devtools/browser/de33ef73-e78e-4932-ac2d-3c78358b8bcc
1695213769806	Marionette	INFO	Stopped listening on port 58260
Dynamically enable window occlusion 1
1695213879822	geckodriver	INFO	Listening on 127.0.0.1:58299
1695213882897	mozrunner::runner	INFO	Running command: "C:\\Program Files\\Mozilla Firefox\\firefox.exe" "--marionette" "--remote-debugging-port" "58300" "--remote-allow-hosts" "localhost" "-no-remote" "-profile" "C:\\Users\\aryam\\AppData\\Local\\Temp\\rust_mozprofileN2fsG1"
console.warn: services.settings: Ignoring preference override of remote settings server
console.warn: services.settings: Allow by setting MOZ_REMOTE_SETTINGS_DEVTOOLS=1 in the environment
1695213883155	Marionette	INFO	Marionette enabled
Dynamically enable window occlusion 0
1695213883249	Marionette	INFO	Listening on port 58316
WebDriver BiDi listening on ws://127.0.0.1:58300
Read port: 58316
1695213883424	RemoteAgent	WARN	TLS certificate errors will be ignored for this session
DevTools listening on ws://127.0.0.1:58300/devtools/browser/3bbb62bd-86d0-41fd-87b6-0fc296c110b5
1695213887705	Marionette	INFO	Stopped listening on port 58316
Dynamically enable window occlusion 1
1695214338014	geckodriver	INFO	Listening on 127.0.0.1:58360
1695214341045	mozrunner::runner	INFO	Running command: "C:\\Program Files\\Mozilla Firefox\\firefox.exe" "--marionette" "--remote-debugging-port" "58361" "--remote-allow-hosts" "localhost" "-no-remote" "-profile" "C:\\Users\\aryam\\AppData\\Local\\Temp\\rust_mozprofileXJyKRn"
console.warn: services.settings: Ignoring preference override of remote settings server
console.warn: services.settings: Allow by setting MOZ_REMOTE_SETTINGS_DEVTOOLS=1 in the environment
1695214341335	Marionette	INFO	Marionette enabled
Dynamically enable window occlusion 0
1695214341437	Marionette	INFO	Listening on port 58368
WebDriver BiDi listening on ws://127.0.0.1:58361
Read port: 58368
1695214341602	RemoteAgent	WARN	TLS certificate errors will be ignored for this session
DevTools listening on ws://127.0.0.1:58361/devtools/browser/714fc155-63f5-4575-a112-da700d041acc
1695215501559	Marionette	INFO	Stopped listening on port 58368
Dynamically enable window occlusion 1
ng command: "C:\\Program Files\\Mozilla Firefox\\firefox.exe" "--marionette" "--remote-debugging-port" "58407" "--remote-allow-hosts" "localhost" "-no-remote" "-profile" "C:\\Users\\aryam\\AppData\\Local\\Temp\\rust_mozprofileQuFrLp"
console.warn: services.settings: Ignoring preference override of remote settings server
console.warn: services.settings: Allow by setting MOZ_REMOTE_SETTINGS_DEVTOOLS=1 in the environment
1695214434035	Marionette	INFO	Marionette enabled
Dynamically enable window occlusion 0
1695214434127	Marionette	INFO	Listening on port 58414
WebDriver BiDi listening on ws://127.0.0.1:58407
Read port: 58414
1695214434286	RemoteAgent	WARN	TLS certificate errors will be ignored for this session
DevTools listening on ws://127.0.0.1:58407/devtools/browser/35ddb623-e7e7-42d4-a800-dd0950764178
1695214449621	Marionette	INFO	Stopped listening on port 58414
Dynamically enable window occlusion 1
1695214501411	geckodriver	INFO	Listening on 127.0.0.1:58467
1695214504469	mozrunner::runner	INFO	Running command: "C:\\Program Files\\Mozilla Firefox\\firefox.exe" "--marionette" "--remote-debugging-port" "58468" "--remote-allow-hosts" "localhost" "-no-remote" "-profile" "C:\\Users\\aryam\\AppData\\Local\\Temp\\rust_mozprofileRzllu5"
console.warn: services.settings: Ignoring preference override of remote settings server
console.warn: services.settings: Allow by setting MOZ_REMOTE_SETTINGS_DEVTOOLS=1 in the environment
1695214504775	Marionette	INFO	Marionette enabled
Dynamically enable window occlusion 0
1695214504864	Marionette	INFO	Listening on port 58475
WebDriver BiDi listening on ws://127.0.0.1:58468
Read port: 58475
1695214505030	RemoteAgent	WARN	TLS certificate errors will be ignored for this session
DevTools listening on ws://127.0.0.1:58468/devtools/browser/15a0951d-b147-4cab-b520-a6ff5675b9f0
1695215574162	Marionette	INFO	Stopped listening on port 58475
Dynamically enable window occlusion 1
